<?xml version="1.0" encoding="UTF-8"?>
<testsuite xmlns:xsi="http://www.w3.org/2001/XMLSchema-instance" xsi:noNamespaceSchemaLocation="https://maven.apache.org/surefire/maven-surefire-plugin/xsd/surefire-test-report.xsd" name="org.example.CalcTest" time="0.014" tests="2" errors="0" skipped="0" failures="1">
  <properties>
    <property name="java.specification.version" value="17"/>
    <property name="sun.cpu.isalist" value="amd64"/>
    <property name="sun.jnu.encoding" value="GBK"/>
    <property name="java.class.path" value="C:\Users\zhang&apos;zhong&apos;yu&apos;\Desktop\159251\lab\weeek5\tutorial4\target\test-classes;C:\Users\zhang&apos;zhong&apos;yu&apos;\Desktop\159251\lab\weeek5\tutorial4\target\classes;C:\Users\zhang&apos;zhong&apos;yu&apos;\.m2\repository\org\junit\jupiter\junit-jupiter-engine\5.4.0\junit-jupiter-engine-5.4.0.jar;C:\Users\zhang&apos;zhong&apos;yu&apos;\.m2\repository\org\apiguardian\apiguardian-api\1.0.0\apiguardian-api-1.0.0.jar;C:\Users\zhang&apos;zhong&apos;yu&apos;\.m2\repository\org\junit\platform\junit-platform-engine\1.4.0\junit-platform-engine-1.4.0.jar;C:\Users\zhang&apos;zhong&apos;yu&apos;\.m2\repository\org\opentest4j\opentest4j\1.1.1\opentest4j-1.1.1.jar;C:\Users\zhang&apos;zhong&apos;yu&apos;\.m2\repository\org\junit\platform\junit-platform-commons\1.4.0\junit-platform-commons-1.4.0.jar;C:\Users\zhang&apos;zhong&apos;yu&apos;\.m2\repository\org\junit\jupiter\junit-jupiter-api\5.4.0\junit-jupiter-api-5.4.0.jar;C:\Users\zhang&apos;zhong&apos;yu&apos;\.m2\repository\org\junit\jupiter\junit-jupiter\5.10.0\junit-jupiter-5.10.0.jar;C:\Users\zhang&apos;zhong&apos;yu&apos;\.m2\repository\org\junit\jupiter\junit-jupiter-params\5.10.0\junit-jupiter-params-5.10.0.jar;"/>
    <property name="java.vm.vendor" value="JetBrains s.r.o."/>
    <property name="sun.arch.data.model" value="64"/>
    <property name="user.variant" value=""/>
    <property name="java.vendor.url" value="https://openjdk.java.net/"/>
    <property name="user.timezone" value="Asia/Shanghai"/>
    <property name="os.name" value="Windows 10"/>
    <property name="java.vm.specification.version" value="17"/>
    <property name="sun.java.launcher" value="SUN_STANDARD"/>
    <property name="user.country" value="CN"/>
    <property name="sun.boot.library.path" value="C:\IDEA_zzy\IntelliJ IDEA 2022.3.2\jbr\bin"/>
    <property name="sun.java.command" value="C:\Users\ZHANG&apos;~1\AppData\Local\Temp\surefire4893007232812922707\surefirebooter4742575358129796687.jar C:\Users\zhang&apos;zhong&apos;yu&apos;\AppData\Local\Temp\surefire4893007232812922707 2023-10-07T14-56-06_174-jvmRun1 surefire9400195996282160303tmp surefire_013098764118677280150tmp"/>
    <property name="jdk.debug" value="release"/>
    <property name="surefire.test.class.path" value="C:\Users\zhang&apos;zhong&apos;yu&apos;\Desktop\159251\lab\weeek5\tutorial4\target\test-classes;C:\Users\zhang&apos;zhong&apos;yu&apos;\Desktop\159251\lab\weeek5\tutorial4\target\classes;C:\Users\zhang&apos;zhong&apos;yu&apos;\.m2\repository\org\junit\jupiter\junit-jupiter-engine\5.4.0\junit-jupiter-engine-5.4.0.jar;C:\Users\zhang&apos;zhong&apos;yu&apos;\.m2\repository\org\apiguardian\apiguardian-api\1.0.0\apiguardian-api-1.0.0.jar;C:\Users\zhang&apos;zhong&apos;yu&apos;\.m2\repository\org\junit\platform\junit-platform-engine\1.4.0\junit-platform-engine-1.4.0.jar;C:\Users\zhang&apos;zhong&apos;yu&apos;\.m2\repository\org\opentest4j\opentest4j\1.1.1\opentest4j-1.1.1.jar;C:\Users\zhang&apos;zhong&apos;yu&apos;\.m2\repository\org\junit\platform\junit-platform-commons\1.4.0\junit-platform-commons-1.4.0.jar;C:\Users\zhang&apos;zhong&apos;yu&apos;\.m2\repository\org\junit\jupiter\junit-jupiter-api\5.4.0\junit-jupiter-api-5.4.0.jar;C:\Users\zhang&apos;zhong&apos;yu&apos;\.m2\repository\org\junit\jupiter\junit-jupiter\5.10.0\junit-jupiter-5.10.0.jar;C:\Users\zhang&apos;zhong&apos;yu&apos;\.m2\repository\org\junit\jupiter\junit-jupiter-params\5.10.0\junit-jupiter-params-5.10.0.jar;"/>
    <property name="sun.cpu.endian" value="little"/>
    <property name="user.home" value="C:\Users\zhang&apos;zhong&apos;yu&apos;"/>
    <property name="user.language" value="zh"/>
    <property name="java.specification.vendor" value="Oracle Corporation"/>
    <property name="java.version.date" value="2022-10-18"/>
    <property name="java.home" value="C:\IDEA_zzy\IntelliJ IDEA 2022.3.2\jbr"/>
    <property name="file.separator" value="\"/>
    <property name="basedir" value="C:\Users\zhang&apos;zhong&apos;yu&apos;\Desktop\159251\lab\weeek5\tutorial4"/>
    <property name="java.vm.compressedOopsMode" value="Zero based"/>
    <property name="line.separator" value="&#10;"/>
    <property name="java.vm.specification.vendor" value="Oracle Corporation"/>
    <property name="java.specification.name" value="Java Platform API Specification"/>
    <property name="jbr.virtualization.information" value="No virtualization detected"/>
    <property name="surefire.real.class.path" value="C:\Users\ZHANG&apos;~1\AppData\Local\Temp\surefire4893007232812922707\surefirebooter4742575358129796687.jar"/>
    <property name="user.script" value=""/>
    <property name="sun.management.compiler" value="HotSpot 64-Bit Tiered Compilers"/>
    <property name="java.runtime.version" value="17.0.5+1-b653.25"/>
    <property name="user.name" value="zhang&apos;zhong&apos;yu&apos;"/>
    <property name="path.separator" value=";"/>
    <property name="os.version" value="10.0"/>
    <property name="java.runtime.name" value="OpenJDK Runtime Environment"/>
    <property name="file.encoding" value="GBK"/>
    <property name="java.vm.name" value="OpenJDK 64-Bit Server VM"/>
    <property name="java.vendor.version" value="JBR-17.0.5+1-653.25-jcef"/>
    <property name="localRepository" value="C:\Users\zhang&apos;zhong&apos;yu&apos;\.m2\repository"/>
    <property name="java.vendor.url.bug" value="https://bugreport.java.com/bugreport/"/>
    <property name="java.io.tmpdir" value="C:\Users\ZHANG&apos;~1\AppData\Local\Temp\"/>
    <property name="java.version" value="17.0.5"/>
    <property name="user.dir" value="C:\Users\zhang&apos;zhong&apos;yu&apos;\Desktop\159251\lab\weeek5\tutorial4"/>
    <property name="os.arch" value="amd64"/>
    <property name="java.vm.specification.name" value="Java Virtual Machine Specification"/>
    <property name="sun.os.patch.level" value=""/>
    <property name="native.encoding" value="GBK"/>
    <property name="java.library.path" value="C:\IDEA_zzy\IntelliJ IDEA 2022.3.2\jbr\bin;C:\Windows\Sun\Java\bin;C:\Windows\system32;C:\Windows;C:\Users\zhang&apos;zhong&apos;yu&apos;\bin;C:\Program Files\Git\mingw64\bin;C:\Program Files\Git\usr\local\bin;C:\Program Files\Git\usr\bin;C:\Program Files\Git\usr\bin;C:\Program Files\Git\mingw64\bin;C:\Program Files\Git\usr\bin;C:\Users\zhang&apos;zhong&apos;yu&apos;\bin;C:\IDEA_zzy\IntelliJ IDEA 2022.3.2\jbr\bin;C:\Windows\system32;C:\Windows;C:\Windows\System32\Wbem;C:\Windows\System32\WindowsPowerShell\v1.0;C:\Windows\System32\OpenSSH;C:\Program Files (x86)\NVIDIA Corporation\PhysX\Common;C:\Program Files\NVIDIA Corporation\NVIDIA NvDLISR;C:\Program Files (x86)\EasyShare\x86;C:\Program Files (x86)\EasyShare\x64;C:\Program Files\dotnet;D:\matlab2021\runtime\win64;D:\matlab2021\bin;D:\matlab2021\polyspace\bin;C:\Program Files\Git\cmd;D:\maven\apache-maven-3.9.4\bin;C:\Program Files\Git\usr\bin;D:\compilers\mingw64\bin;D:\python123\PyCharm 2022.3.1\bin;C:\IDEA_zzy\IntelliJ IDEA 2022.3.2\bin;C:\Users\zhang&apos;zhong&apos;yu&apos;\AppData\Local\Programs\Microsoft VS Code\bin;C:\Program Files\Git\usr\bin\vendor_perl;C:\Program Files\Git\usr\bin\core_perl;."/>
    <property name="java.vm.info" value="mixed mode"/>
    <property name="java.vendor" value="JetBrains s.r.o."/>
    <property name="java.vm.version" value="17.0.5+1-b653.25"/>
    <property name="sun.io.unicode.encoding" value="UnicodeLittle"/>
    <property name="java.class.version" value="61.0"/>
  </properties>
  <testcase name="testAddition" classname="org.example.CalcTest" time="0.006"/>
  <testcase name="testSubtraction" classname="org.example.CalcTest" time="0.005">
    <failure message="expected: &lt;2&gt; but was: &lt;8&gt;" type="org.opentest4j.AssertionFailedError"><![CDATA[org.opentest4j.AssertionFailedError: expected: <2> but was: <8>
	at org.example.CalcTest.testSubtraction(CalcTest.java:15)
]]></failure>
  </testcase>
</testsuite>